4.8256 	INFO 	Loaded monitor calibration from ['2025_08_12 07:58']
5.1473 	INFO 	Using renderer 'AMD Radeon(TM) Graphics' for graphics
5.1473 	INFO 	OpenGL version supported by driver is 4..
5.1899 	EXP 	Created window1 = Window(allowGUI=True, allowStencil=False, autoLog=True, backendConf=UNKNOWN, backgroundFit=<method-wrapper '__getattribute__' of attributeSetter object at 0x000001D028CBA890>, backgroundImage=<method-wrapper '__getattribute__' of attributeSetter object at 0x000001D028CBA830>, bitsMode=UNKNOWN, blendMode='avg', bpc=(8, 8, 8), color=array([0, 0, 0]), colorSpace='rgb', depthBits=8, fullscr=False, gamma=None, gammaErrorPolicy='raise', infoMsg=UNKNOWN, lms=UNKNOWN, monitor=<psychopy.monitors.calibTools.Monitor object at 0x000001D028D76F50>, multiSample=False, name='window1', numSamples=2, pos=[np.float64(268.0), np.float64(180.0)], screen=0, size=array([1000,  600]), stencilBits=0, stereo=False, title='PsychoPy', units='height', useFBO=True, useRetina=False, viewOri=0.0, viewPos=None, viewScale=None, waitBlanking=True, winType='pyglet')
5.1899 	EXP 	window1: backgroundImage = ''
5.1899 	EXP 	window1: backgroundFit = 'none'
5.5164 	EXP 	window1: Attempting to measure frame rate of screen (0) ...
5.5164 	EXP 	window1: recordFrameIntervals = False
5.6727 	EXP 	window1: recordFrameIntervals = True
5.8555 	EXP 	Screen (0) actual frame rate measured at 60.24Hz
5.8556 	EXP 	window1: recordFrameIntervals = False
5.8964 	INFO 	keyboard.Keyboard is using ptb backend.
5.8965 	INFO 	keyboard.Keyboard is using ptb backend.
5.8966 	EXP 	adaptive_staircase: status = STARTED
5.8999 	EXP 	Created fixation = ShapeStim(__class__=<class 'psychopy.visual.shape.ShapeStim'>, anchor=('center', 'center'), autoDraw=False, autoLog=True, closeShape=True, color=method-wrapper(...), colorSpace='rgb', contrast=None, depth=-1.0, draggable=False, fillColor=array([1, 1, 1]), fillColorSpace='rgb', fillRGB=array([1, 1, 1]), interpolate=True, lineColor=array([1., 1., 1.]), lineColorSpace='rgb', lineRGB=array([1, 1, 1]), lineWidth=1.0, name='fixation', opacity=1, ori=0.0, pos=array([0., 0.]), size=array([0.1, 0.1]), units='height', vertices=ndarray(...), win=Window(...), windingRule=None)
5.9018 	EXP 	Created grating = GratingStim(__class__=<class 'psychopy.visual.grating.GratingStim'>, anchor='center', autoDraw=False, autoLog=True, blendmode='avg', color=array([0.5, 0.5, 0.5]), colorSpace='rgb', contrast=0.5, depth=-2.0, draggable=False, interpolate=True, mask='gauss', maskParams=None, name='grating', opacity=1, ori=1.0, phase=array([0., 0.]), pos=array([0., 0.]), rgbPedestal=array([0., 0., 0.]), sf=array([8., 8.]), size=array([0.3, 0.3]), tex='sin', texRes=128.0, units='height', win=Window(...))
0.0201 	WARNING 	Increasing number of minimum required reversals to the number of step sizes, (4).
0.0358 	EXP 	grating: ori = np.float64(10.0)
0.0358 	EXP 	fixation: autoDraw = True
0.5026 	INFO 	Keyboard events cleared
0.5025 	EXP 	grating: autoDraw = True
0.5025 	EXP 	grating: tex = 'sin'
0.5364 	EXP 	fixation: autoDraw = False
0.8040 	EXP 	grating: autoDraw = False
1.0481 	EXP 	Device response: <KeyPress from None: t=0.9812885999999708, value=right, duration=None>
1.0495 	DATA 	Keypress: right
1.0520 	EXP 	fixation: autoDraw = False
1.0520 	EXP 	grating: autoDraw = False
1.0520 	EXP 	grating: ori = np.float64(-8.0)
1.0520 	EXP 	fixation: autoDraw = True
1.1534 	EXP 	Device response: <KeyPress from None: t=0.9812885999999708, value=right, duration=0.15928769999663928>
1.5535 	INFO 	Keyboard events cleared
1.5534 	EXP 	fixation: autoDraw = False
1.5534 	EXP 	grating: autoDraw = True
1.8544 	EXP 	grating: autoDraw = False
1.9524 	EXP 	Device response: <KeyPress from None: t=1.942401999996946, value=left, duration=None>
1.9531 	DATA 	Keypress: left
1.9697 	EXP 	fixation: autoDraw = False
1.9697 	EXP 	grating: autoDraw = False
1.9697 	EXP 	grating: ori = np.float64(6.0)
1.9697 	EXP 	fixation: autoDraw = True
2.1364 	EXP 	Device response: <KeyPress from None: t=1.942401999996946, value=left, duration=0.18456380000134232>
2.4529 	INFO 	Keyboard events cleared
2.4529 	EXP 	grating: autoDraw = True
2.4692 	EXP 	fixation: autoDraw = False
2.7533 	EXP 	grating: autoDraw = False
2.7870 	EXP 	Device response: <KeyPress from None: t=2.77927649999765, value=right, duration=None>
2.7876 	DATA 	Keypress: right
2.8033 	EXP 	fixation: autoDraw = False
2.8033 	EXP 	grating: autoDraw = False
2.8033 	EXP 	grating: ori = np.float64(4.0)
2.8033 	EXP 	fixation: autoDraw = True
2.9363 	EXP 	Device response: <KeyPress from None: t=2.77927649999765, value=right, duration=0.1440867999990587>
3.2868 	INFO 	Keyboard events cleared
3.2867 	EXP 	grating: autoDraw = True
3.3027 	EXP 	fixation: autoDraw = False
3.5874 	EXP 	grating: autoDraw = False
3.7355 	EXP 	Device response: <KeyPress from None: t=3.7351362999979756, value=right, duration=None>
3.7360 	DATA 	Keypress: right
3.7525 	EXP 	fixation: autoDraw = False
3.7525 	EXP 	grating: autoDraw = False
3.7525 	EXP 	grating: ori = np.float64(-2.0)
3.7525 	EXP 	fixation: autoDraw = True
3.8698 	EXP 	Device response: <KeyPress from None: t=3.7351362999979756, value=right, duration=0.12472890000208281>
4.2371 	INFO 	Keyboard events cleared
4.2370 	EXP 	grating: autoDraw = True
4.2534 	EXP 	fixation: autoDraw = False
4.5355 	EXP 	Device response: <KeyPress from None: t=4.5318036999997275, value=left, duration=None>
4.5362 	DATA 	Keypress: left
4.5518 	EXP 	grating: autoDraw = False
4.5518 	EXP 	fixation: autoDraw = False
4.5518 	EXP 	grating: autoDraw = False
4.5518 	EXP 	grating: ori = np.float64(-1.0)
4.5518 	EXP 	fixation: autoDraw = True
4.7354 	EXP 	Device response: <KeyPress from None: t=4.5318036999997275, value=left, duration=0.19934269999794196>
5.0354 	INFO 	Keyboard events cleared
5.0353 	EXP 	grating: autoDraw = True
5.0522 	EXP 	fixation: autoDraw = False
5.3352 	EXP 	grating: autoDraw = False
5.5188 	EXP 	Device response: <KeyPress from None: t=5.5177990999982285, value=left, duration=None>
5.5193 	DATA 	Keypress: left
5.5357 	EXP 	fixation: autoDraw = False
5.5357 	EXP 	grating: autoDraw = False
5.5357 	EXP 	grating: ori = np.float64(1.0)
5.5357 	EXP 	fixation: autoDraw = True
5.7024 	EXP 	Device response: <KeyPress from None: t=5.5177990999982285, value=left, duration=0.16951669999980368>
6.0204 	INFO 	Keyboard events cleared
6.0203 	EXP 	grating: autoDraw = True
6.0357 	EXP 	fixation: autoDraw = False
6.3369 	EXP 	grating: autoDraw = False
7.9352 	EXP 	Device response: <KeyPress from None: t=7.933038699997269, value=right, duration=None>
7.9359 	DATA 	Keypress: right
7.9530 	EXP 	fixation: autoDraw = False
7.9530 	EXP 	grating: autoDraw = False
7.9530 	EXP 	grating: ori = np.float64(1.0)
7.9530 	EXP 	fixation: autoDraw = True
8.0681 	EXP 	Device response: <KeyPress from None: t=7.933038699997269, value=right, duration=0.13456980000046315>
8.4363 	INFO 	Keyboard events cleared
8.4362 	EXP 	grating: autoDraw = True
8.4529 	EXP 	fixation: autoDraw = False
8.7351 	EXP 	grating: autoDraw = False
9.1682 	DATA 	Keypress: right
9.1858 	EXP 	Device response: <KeyPress from None: t=9.167999899997085, value=right, duration=None>
9.2023 	EXP 	fixation: autoDraw = False
9.2023 	EXP 	grating: autoDraw = False
9.2023 	EXP 	grating: ori = np.float64(-1.0)
9.2023 	EXP 	fixation: autoDraw = True
9.3532 	EXP 	Device response: <KeyPress from None: t=9.167999899997085, value=right, duration=0.1693641000019852>
9.7026 	INFO 	Keyboard events cleared
9.7025 	EXP 	fixation: autoDraw = False
9.7025 	EXP 	grating: autoDraw = True
10.0190 	EXP 	grating: autoDraw = False
10.0686 	EXP 	Device response: <KeyPress from None: t=10.06467849999899, value=left, duration=None>
10.0694 	DATA 	Keypress: left
10.0856 	EXP 	fixation: autoDraw = False
10.0856 	EXP 	grating: autoDraw = False
10.0856 	EXP 	grating: ori = np.float64(1.0)
10.0856 	EXP 	fixation: autoDraw = True
10.2194 	EXP 	Device response: <KeyPress from None: t=10.06467849999899, value=left, duration=0.14968529999896418>
10.5688 	INFO 	Keyboard events cleared
10.5688 	EXP 	grating: autoDraw = True
10.5852 	EXP 	fixation: autoDraw = False
10.8696 	EXP 	grating: autoDraw = False
10.9843 	EXP 	Device response: <KeyPress from None: t=10.980740499999229, value=right, duration=None>
10.9849 	DATA 	Keypress: right
11.0013 	EXP 	fixation: autoDraw = False
11.0013 	EXP 	grating: autoDraw = False
11.0013 	EXP 	grating: ori = np.float64(1.0)
11.0013 	EXP 	fixation: autoDraw = True
11.1517 	EXP 	Device response: <KeyPress from None: t=10.980740499999229, value=right, duration=0.15985100000034436>
11.4855 	INFO 	Keyboard events cleared
11.4855 	EXP 	grating: autoDraw = True
11.5028 	EXP 	fixation: autoDraw = False
11.7848 	EXP 	grating: autoDraw = False
12.3522 	EXP 	Device response: <KeyPress from None: t=12.340572499997506, value=left, duration=None>
12.3529 	DATA 	Keypress: left
12.3694 	EXP 	fixation: autoDraw = False
12.3694 	EXP 	grating: autoDraw = False
12.3694 	EXP 	grating: ori = np.float64(-2.0)
12.3694 	EXP 	fixation: autoDraw = True
12.4842 	EXP 	Device response: <KeyPress from None: t=12.340572499997506, value=left, duration=0.1343921000006958>
12.8522 	INFO 	Keyboard events cleared
12.8521 	EXP 	grating: autoDraw = True
12.8673 	EXP 	fixation: autoDraw = False
13.1520 	EXP 	grating: autoDraw = False
13.3344 	EXP 	Device response: <KeyPress from None: t=13.321243999998842, value=left, duration=None>
13.3352 	DATA 	Keypress: left
13.3507 	EXP 	fixation: autoDraw = False
13.3507 	EXP 	grating: autoDraw = False
13.3507 	EXP 	grating: ori = np.float64(2.0)
13.3507 	EXP 	fixation: autoDraw = True
13.5011 	EXP 	Device response: <KeyPress from None: t=13.321243999998842, value=left, duration=0.1698553999995056>
13.8350 	INFO 	Keyboard events cleared
13.8350 	EXP 	grating: autoDraw = True
13.8509 	EXP 	fixation: autoDraw = False
14.1349 	EXP 	grating: autoDraw = False
14.3185 	EXP 	Device response: <KeyPress from None: t=14.307255499999883, value=right, duration=None>
14.3193 	DATA 	Keypress: right
14.3351 	EXP 	fixation: autoDraw = False
14.3351 	EXP 	grating: autoDraw = False
14.3351 	EXP 	grating: ori = np.float64(2.0)
14.3351 	EXP 	fixation: autoDraw = True
14.4854 	EXP 	Device response: <KeyPress from None: t=14.307255499999883, value=right, duration=0.1747278999973787>
14.8178 	INFO 	Keyboard events cleared
14.8177 	EXP 	grating: autoDraw = True
14.8339 	EXP 	fixation: autoDraw = False
15.1182 	EXP 	grating: autoDraw = False
15.4186 	EXP 	Device response: <KeyPress from None: t=15.403718999998091, value=right, duration=None>
15.4194 	DATA 	Keypress: right
15.4341 	EXP 	fixation: autoDraw = False
15.4341 	EXP 	grating: autoDraw = False
15.4341 	EXP 	grating: ori = np.float64(1.0)
15.4341 	EXP 	fixation: autoDraw = True
15.5514 	EXP 	Device response: <KeyPress from None: t=15.403718999998091, value=right, duration=0.14377299999978277>
15.9337 	INFO 	Keyboard events cleared
15.9336 	EXP 	fixation: autoDraw = False
15.9336 	EXP 	grating: autoDraw = True
16.2344 	EXP 	grating: autoDraw = False
16.6014 	EXP 	Device response: <KeyPress from None: t=16.59812669999883, value=left, duration=None>
16.6021 	DATA 	Keypress: left
16.6183 	EXP 	fixation: autoDraw = False
16.6183 	EXP 	grating: autoDraw = False
16.6183 	EXP 	grating: ori = np.float64(1.5)
16.6183 	EXP 	fixation: autoDraw = True
16.8008 	EXP 	Device response: <KeyPress from None: t=16.59812669999883, value=left, duration=0.19913349999842467>
17.1014 	INFO 	Keyboard events cleared
17.1013 	EXP 	grating: autoDraw = True
17.1170 	EXP 	fixation: autoDraw = False
17.4011 	EXP 	grating: autoDraw = False
17.6848 	EXP 	Device response: <KeyPress from None: t=17.67891459999737, value=left, duration=None>
17.6855 	DATA 	Keypress: left
17.7008 	EXP 	fixation: autoDraw = False
17.7008 	EXP 	grating: autoDraw = False
17.7008 	EXP 	grating: ori = np.float64(2.0)
17.7008 	EXP 	fixation: autoDraw = True
17.8176 	EXP 	Device response: <KeyPress from None: t=17.67891459999737, value=left, duration=0.13469270000132383>
18.1847 	INFO 	Keyboard events cleared
18.1846 	EXP 	grating: autoDraw = True
18.1999 	EXP 	fixation: autoDraw = False
18.4846 	EXP 	grating: autoDraw = False
19.0683 	EXP 	Device response: <KeyPress from None: t=19.053083999999217, value=left, duration=None>
19.0690 	DATA 	Keypress: left
19.0840 	EXP 	fixation: autoDraw = False
19.0840 	EXP 	grating: autoDraw = False
19.0840 	EXP 	grating: ori = np.float64(-2.5)
19.0840 	EXP 	fixation: autoDraw = True
19.2001 	EXP 	Device response: <KeyPress from None: t=19.053083999999217, value=left, duration=0.13447919999816804>
19.5842 	INFO 	Keyboard events cleared
19.5841 	EXP 	fixation: autoDraw = False
19.5841 	EXP 	grating: autoDraw = True
19.8838 	EXP 	grating: autoDraw = False
19.9494 	EXP 	Device response: <KeyPress from None: t=19.945005599998694, value=right, duration=None>
19.9501 	DATA 	Keypress: right
19.9672 	EXP 	fixation: autoDraw = False
19.9672 	EXP 	grating: autoDraw = False
19.9672 	EXP 	grating: ori = np.float64(3.0)
19.9672 	EXP 	fixation: autoDraw = True
20.1345 	EXP 	Device response: <KeyPress from None: t=19.945005599998694, value=right, duration=0.1790225000004284>
20.4512 	INFO 	Keyboard events cleared
20.4511 	EXP 	grating: autoDraw = True
20.4681 	EXP 	fixation: autoDraw = False
20.7672 	EXP 	grating: autoDraw = False
21.0830 	EXP 	Device response: <KeyPress from None: t=21.07001969999692, value=right, duration=None>
21.0836 	DATA 	Keypress: right
21.1002 	EXP 	fixation: autoDraw = False
21.1002 	EXP 	grating: autoDraw = False
21.1002 	EXP 	grating: ori = np.float64(3.0)
21.1002 	EXP 	fixation: autoDraw = True
21.2174 	EXP 	Device response: <KeyPress from None: t=21.07001969999692, value=right, duration=0.14445220000197878>
21.5842 	INFO 	Keyboard events cleared
21.5841 	EXP 	grating: autoDraw = True
21.6013 	EXP 	fixation: autoDraw = False
21.9002 	EXP 	grating: autoDraw = False
22.5324 	EXP 	Device response: <KeyPress from None: t=22.529748299999483, value=right, duration=None>
22.5330 	DATA 	Keypress: right
22.5511 	EXP 	fixation: autoDraw = False
22.5511 	EXP 	grating: autoDraw = False
22.5511 	EXP 	grating: ori = np.float64(-3.0)
22.5511 	EXP 	fixation: autoDraw = True
22.6659 	EXP 	Device response: <KeyPress from None: t=22.529748299999483, value=right, duration=0.12889820000054897>
23.0337 	INFO 	Keyboard events cleared
23.0336 	EXP 	grating: autoDraw = True
23.0511 	EXP 	fixation: autoDraw = False
23.3334 	EXP 	grating: autoDraw = False
23.4661 	EXP 	Device response: <KeyPress from None: t=23.45535579999705, value=left, duration=None>
23.4668 	DATA 	Keypress: left
23.4821 	EXP 	fixation: autoDraw = False
23.4821 	EXP 	grating: autoDraw = False
23.4821 	EXP 	grating: ori = np.float64(2.5)
23.4821 	EXP 	fixation: autoDraw = True
23.6154 	EXP 	Device response: <KeyPress from None: t=23.45535579999705, value=left, duration=0.15931490000002668>
23.9668 	INFO 	Keyboard events cleared
23.9667 	EXP 	grating: autoDraw = True
23.9837 	EXP 	fixation: autoDraw = False
24.2674 	EXP 	grating: autoDraw = False
24.6987 	EXP 	Device response: <KeyPress from None: t=24.685262599999987, value=right, duration=None>
24.6993 	DATA 	Keypress: right
24.7158 	EXP 	fixation: autoDraw = False
24.7158 	EXP 	grating: autoDraw = False
24.7158 	EXP 	grating: ori = np.float64(2.5)
24.7158 	EXP 	fixation: autoDraw = True
24.8327 	EXP 	Device response: <KeyPress from None: t=24.685262599999987, value=right, duration=0.1395537999997032>
25.2000 	INFO 	Keyboard events cleared
25.1999 	EXP 	grating: autoDraw = True
25.2176 	EXP 	fixation: autoDraw = False
25.4994 	EXP 	grating: autoDraw = False
27.7495 	EXP 	Device response: <KeyPress from None: t=27.743433899999218, value=right, duration=None>
27.7503 	DATA 	Keypress: right
27.7668 	EXP 	fixation: autoDraw = False
27.7668 	EXP 	grating: autoDraw = False
27.7668 	EXP 	grating: ori = np.float64(-2.5)
27.7668 	EXP 	fixation: autoDraw = True
27.8985 	EXP 	Device response: <KeyPress from None: t=27.743433899999218, value=right, duration=0.13891869999861228>
28.2499 	INFO 	Keyboard events cleared
28.2498 	EXP 	grating: autoDraw = True
28.2665 	EXP 	fixation: autoDraw = False
28.5494 	EXP 	grating: autoDraw = False
28.7997 	EXP 	Device response: <KeyPress from None: t=28.783807799998613, value=left, duration=None>
28.8004 	DATA 	Keypress: left
28.8151 	EXP 	fixation: autoDraw = False
28.8151 	EXP 	grating: autoDraw = False
28.8151 	EXP 	grating: ori = np.float64(2.0)
28.8151 	EXP 	fixation: autoDraw = True
28.9660 	EXP 	Device response: <KeyPress from None: t=28.783807799998613, value=left, duration=0.17926919999808888>
29.2999 	INFO 	Keyboard events cleared
29.2998 	EXP 	grating: autoDraw = True
29.3151 	EXP 	fixation: autoDraw = False
29.5985 	EXP 	grating: autoDraw = False
29.9493 	EXP 	Device response: <KeyPress from None: t=29.944442099997104, value=right, duration=None>
29.9500 	DATA 	Keypress: right
29.9656 	EXP 	fixation: autoDraw = False
29.9656 	EXP 	grating: autoDraw = False
29.9656 	EXP 	grating: ori = np.float64(-2.0)
29.9656 	EXP 	fixation: autoDraw = True
30.1148 	EXP 	Device response: <KeyPress from None: t=29.944442099997104, value=right, duration=0.15907680000236724>
30.4658 	INFO 	Keyboard events cleared
30.4657 	EXP 	fixation: autoDraw = False
30.4657 	EXP 	grating: autoDraw = True
30.7809 	EXP 	grating: autoDraw = False
31.0322 	EXP 	Device response: <KeyPress from None: t=31.029828099999577, value=left, duration=None>
31.0329 	DATA 	Keypress: left
31.0492 	EXP 	fixation: autoDraw = False
31.0492 	EXP 	grating: autoDraw = False
31.0492 	EXP 	grating: ori = np.float64(-2.0)
31.0492 	EXP 	fixation: autoDraw = True
31.1648 	EXP 	Device response: <KeyPress from None: t=31.029828099999577, value=left, duration=0.13443329999790876>
31.5323 	INFO 	Keyboard events cleared
31.5322 	EXP 	grating: autoDraw = True
31.5489 	EXP 	fixation: autoDraw = False
31.8318 	EXP 	grating: autoDraw = False
32.1309 	EXP 	Device response: <KeyPress from None: t=32.12064569999711, value=left, duration=None>
32.1315 	DATA 	Keypress: left
32.1484 	EXP 	fixation: autoDraw = False
32.1484 	EXP 	grating: autoDraw = False
32.1484 	EXP 	grating: ori = np.float64(1.5)
32.1484 	EXP 	fixation: autoDraw = True
32.3158 	EXP 	Device response: <KeyPress from None: t=32.12064569999711, value=left, duration=0.18531079999957>
32.6319 	INFO 	Keyboard events cleared
32.6318 	EXP 	grating: autoDraw = True
32.6492 	EXP 	fixation: autoDraw = False
32.9480 	EXP 	grating: autoDraw = False
33.3473 	EXP 	Device response: <KeyPress from None: t=33.34155209999881, value=right, duration=None>
33.3480 	DATA 	Keypress: right
33.3638 	EXP 	fixation: autoDraw = False
33.3638 	EXP 	grating: autoDraw = False
33.3638 	EXP 	grating: ori = np.float64(-1.5)
33.3638 	EXP 	fixation: autoDraw = True
33.4808 	EXP 	Device response: <KeyPress from None: t=33.34155209999881, value=right, duration=0.1384491999997408>
33.8487 	INFO 	Keyboard events cleared
33.8487 	EXP 	grating: autoDraw = True
33.8642 	EXP 	fixation: autoDraw = False
34.1653 	EXP 	grating: autoDraw = False
34.3479 	EXP 	Device response: <KeyPress from None: t=34.347417199998745, value=left, duration=None>
34.3485 	DATA 	Keypress: left
34.3640 	EXP 	fixation: autoDraw = False
34.3640 	EXP 	grating: autoDraw = False
34.3640 	EXP 	grating: ori = np.float64(1.5)
34.3640 	EXP 	fixation: autoDraw = True
34.5474 	EXP 	Device response: <KeyPress from None: t=34.347417199998745, value=left, duration=0.19321689999924274>
34.8487 	INFO 	Keyboard events cleared
34.8486 	EXP 	grating: autoDraw = True
34.8646 	EXP 	fixation: autoDraw = False
35.1480 	EXP 	grating: autoDraw = False
35.3815 	EXP 	Device response: <KeyPress from None: t=35.36827819999962, value=right, duration=None>
35.3823 	DATA 	Keypress: right
35.3985 	EXP 	fixation: autoDraw = False
35.3985 	EXP 	grating: autoDraw = False
35.3985 	EXP 	grating: ori = np.float64(1.0)
35.3985 	EXP 	fixation: autoDraw = True
35.5306 	EXP 	Device response: <KeyPress from None: t=35.36827819999962, value=right, duration=0.15822969999862835>
35.8809 	INFO 	Keyboard events cleared
35.8808 	EXP 	grating: autoDraw = True
35.9154 	EXP 	fixation: autoDraw = False
36.1818 	EXP 	grating: autoDraw = False
36.6650 	EXP 	Device response: <KeyPress from None: t=36.651895799997874, value=right, duration=None>
36.6657 	DATA 	Keypress: right
36.6815 	EXP 	fixation: autoDraw = False
36.6815 	EXP 	grating: autoDraw = False
36.6815 	EXP 	grating: ori = np.float64(-1.0)
36.6815 	EXP 	fixation: autoDraw = True
36.8150 	EXP 	Device response: <KeyPress from None: t=36.651895799997874, value=right, duration=0.1549300000006042>
37.1649 	INFO 	Keyboard events cleared
37.1648 	EXP 	grating: autoDraw = True
37.1810 	EXP 	fixation: autoDraw = False
37.4801 	EXP 	grating: autoDraw = False
37.6469 	EXP 	Device response: <KeyPress from None: t=37.638041899997916, value=left, duration=None>
37.6475 	DATA 	Keypress: left
37.6633 	EXP 	fixation: autoDraw = False
37.6633 	EXP 	grating: autoDraw = False
37.6633 	EXP 	grating: ori = np.float64(-1.0)
37.6633 	EXP 	fixation: autoDraw = True
37.7968 	EXP 	Device response: <KeyPress from None: t=37.638041899997916, value=left, duration=0.1494590000002063>
38.1476 	INFO 	Keyboard events cleared
38.1475 	EXP 	grating: autoDraw = True
38.1644 	EXP 	fixation: autoDraw = False
38.4481 	EXP 	grating: autoDraw = False
38.8815 	EXP 	Device response: <KeyPress from None: t=38.868208899999445, value=left, duration=None>
38.8822 	DATA 	Keypress: left
38.8978 	EXP 	fixation: autoDraw = False
38.8978 	EXP 	grating: autoDraw = False
38.8978 	EXP 	grating: ori = np.float64(1.0)
38.8978 	EXP 	fixation: autoDraw = True
39.0134 	EXP 	Device response: <KeyPress from None: t=38.868208899999445, value=left, duration=0.13937179999993532>
39.3816 	INFO 	Keyboard events cleared
39.3815 	EXP 	grating: autoDraw = True
39.3972 	EXP 	fixation: autoDraw = False
39.6976 	EXP 	grating: autoDraw = False
40.1462 	EXP 	Device response: <KeyPress from None: t=40.132745499999146, value=right, duration=None>
40.1468 	DATA 	Keypress: right
40.1631 	EXP 	fixation: autoDraw = False
40.1631 	EXP 	grating: autoDraw = False
40.1631 	EXP 	grating: ori = np.float64(-1.0)
40.1631 	EXP 	fixation: autoDraw = True
40.3137 	EXP 	Device response: <KeyPress from None: t=40.132745499999146, value=right, duration=0.16529769999760902>
40.6464 	INFO 	Keyboard events cleared
40.6464 	EXP 	grating: autoDraw = True
40.6636 	EXP 	fixation: autoDraw = False
40.9467 	EXP 	grating: autoDraw = False
41.1975 	EXP 	Device response: <KeyPress from None: t=41.18353879999995, value=left, duration=None>
41.1982 	DATA 	Keypress: left
41.2144 	EXP 	fixation: autoDraw = False
41.2144 	EXP 	grating: autoDraw = False
41.2144 	EXP 	grating: ori = np.float64(-1.0)
41.2144 	EXP 	fixation: autoDraw = True
41.3312 	EXP 	Device response: <KeyPress from None: t=41.18353879999995, value=left, duration=0.140648799999326>
41.6981 	INFO 	Keyboard events cleared
41.6981 	EXP 	grating: autoDraw = True
41.7130 	EXP 	fixation: autoDraw = False
42.0126 	EXP 	grating: autoDraw = False
42.3623 	EXP 	Device response: <KeyPress from None: t=42.354110799999034, value=left, duration=None>
42.3630 	DATA 	Keypress: left
42.3790 	EXP 	fixation: autoDraw = False
42.3790 	EXP 	grating: autoDraw = False
42.3790 	EXP 	grating: ori = np.float64(1.0)
42.3790 	EXP 	fixation: autoDraw = True
42.4974 	EXP 	Device response: <KeyPress from None: t=42.354110799999034, value=left, duration=0.12957919999826117>
42.8620 	INFO 	Keyboard events cleared
42.8619 	EXP 	grating: autoDraw = True
42.8793 	EXP 	fixation: autoDraw = False
43.1642 	EXP 	grating: autoDraw = False
43.6797 	EXP 	Device response: <KeyPress from None: t=43.66346909999993, value=right, duration=None>
43.6804 	DATA 	Keypress: right
43.6964 	EXP 	fixation: autoDraw = False
43.6964 	EXP 	grating: autoDraw = False
43.6964 	EXP 	grating: ori = np.float64(1.0)
43.6964 	EXP 	fixation: autoDraw = True
43.8626 	EXP 	Device response: <KeyPress from None: t=43.66346909999993, value=right, duration=0.18429370000012568>
44.1805 	INFO 	Keyboard events cleared
44.1804 	EXP 	grating: autoDraw = True
44.1973 	EXP 	fixation: autoDraw = False
44.4802 	EXP 	grating: autoDraw = False
44.5956 	EXP 	Device response: <KeyPress from None: t=44.58997519999684, value=left, duration=None>
44.5963 	DATA 	Keypress: left
44.6123 	EXP 	fixation: autoDraw = False
44.6123 	EXP 	grating: autoDraw = False
44.6123 	EXP 	grating: ori = np.float64(1.5)
44.6123 	EXP 	fixation: autoDraw = True
44.7301 	EXP 	Device response: <KeyPress from None: t=44.58997519999684, value=left, duration=0.12425700000312645>
45.0956 	INFO 	Keyboard events cleared
45.0956 	EXP 	grating: autoDraw = True
45.1136 	EXP 	fixation: autoDraw = False
45.3968 	EXP 	grating: autoDraw = False
45.6454 	EXP 	Device response: <KeyPress from None: t=45.64100099999996, value=right, duration=None>
45.6461 	DATA 	Keypress: right
45.6622 	EXP 	fixation: autoDraw = False
45.6622 	EXP 	grating: autoDraw = False
45.6622 	EXP 	grating: ori = np.float64(1.5)
45.6622 	EXP 	fixation: autoDraw = True
45.8126 	EXP 	Device response: <KeyPress from None: t=45.64100099999996, value=right, duration=0.16893609999897308>
46.1470 	INFO 	Keyboard events cleared
46.1469 	EXP 	grating: autoDraw = True
46.1621 	EXP 	fixation: autoDraw = False
46.4467 	EXP 	grating: autoDraw = False
47.5451 	EXP 	Device response: <KeyPress from None: t=47.53294129999995, value=right, duration=None>
47.5457 	DATA 	Keypress: right
47.5619 	EXP 	fixation: autoDraw = False
47.5619 	EXP 	grating: autoDraw = False
47.5619 	EXP 	grating: ori = np.float64(1.5)
47.5619 	EXP 	fixation: autoDraw = True
47.7121 	EXP 	Device response: <KeyPress from None: t=47.53294129999995, value=right, duration=0.1643393999984255>
48.0469 	INFO 	Keyboard events cleared
48.0468 	EXP 	grating: autoDraw = True
48.0619 	EXP 	fixation: autoDraw = False
48.3628 	EXP 	grating: autoDraw = False
48.7460 	EXP 	Device response: <KeyPress from None: t=48.74322289999691, value=right, duration=None>
48.7466 	DATA 	Keypress: right
48.7624 	EXP 	fixation: autoDraw = False
48.7624 	EXP 	grating: autoDraw = False
48.7624 	EXP 	grating: ori = np.float64(1.0)
48.7624 	EXP 	fixation: autoDraw = True
48.8960 	EXP 	Device response: <KeyPress from None: t=48.74322289999691, value=right, duration=0.14969270000074175>
49.2628 	INFO 	Keyboard events cleared
49.2627 	EXP 	fixation: autoDraw = False
49.2627 	EXP 	grating: autoDraw = True
49.5798 	EXP 	grating: autoDraw = False
49.8450 	EXP 	Device response: <KeyPress from None: t=49.843909999999596, value=right, duration=None>
49.8456 	DATA 	Keypress: right
49.8614 	EXP 	fixation: autoDraw = False
49.8614 	EXP 	grating: autoDraw = False
49.8614 	EXP 	grating: ori = np.float64(1.0)
49.8614 	EXP 	fixation: autoDraw = True
50.0281 	EXP 	Device response: <KeyPress from None: t=49.843909999999596, value=right, duration=0.17464259999906062>
50.3462 	INFO 	Keyboard events cleared
50.3461 	EXP 	grating: autoDraw = True
50.3622 	EXP 	fixation: autoDraw = False
50.6455 	EXP 	grating: autoDraw = False
51.0779 	EXP 	Device response: <KeyPress from None: t=51.068790599998465, value=right, duration=None>
51.0786 	DATA 	Keypress: right
51.0942 	EXP 	fixation: autoDraw = False
51.0942 	EXP 	grating: autoDraw = False
51.0942 	EXP 	grating: ori = np.float64(1.0)
51.0942 	EXP 	fixation: autoDraw = True
51.2280 	EXP 	Device response: <KeyPress from None: t=51.068790599998465, value=right, duration=0.15033449999828008>
51.5792 	INFO 	Keyboard events cleared
51.5791 	EXP 	grating: autoDraw = True
51.5961 	EXP 	fixation: autoDraw = False
51.8954 	EXP 	grating: autoDraw = False
52.1954 	EXP 	Device response: <KeyPress from None: t=52.18403429999671, value=right, duration=None>
52.1961 	DATA 	Keypress: right
52.2117 	EXP 	fixation: autoDraw = False
52.2117 	EXP 	grating: autoDraw = False
52.2117 	EXP 	grating: ori = np.float64(1.0)
52.2117 	EXP 	fixation: autoDraw = True
52.3619 	EXP 	Device response: <KeyPress from None: t=52.18403429999671, value=right, duration=0.16438490000291495>
52.6954 	INFO 	Keyboard events cleared
52.6953 	EXP 	grating: autoDraw = True
52.7117 	EXP 	fixation: autoDraw = False
52.9957 	EXP 	grating: autoDraw = False
53.3272 	EXP 	Device response: <KeyPress from None: t=53.32440179999685, value=right, duration=None>
53.3278 	DATA 	Keypress: right
53.3448 	EXP 	fixation: autoDraw = False
53.3448 	EXP 	grating: autoDraw = False
53.3448 	EXP 	grating: ori = np.float64(-1.0)
53.3448 	EXP 	fixation: autoDraw = True
53.5115 	EXP 	Device response: <KeyPress from None: t=53.32440179999685, value=right, duration=0.1743854000014835>
53.8273 	INFO 	Keyboard events cleared
53.8272 	EXP 	grating: autoDraw = True
53.8441 	EXP 	fixation: autoDraw = False
54.1281 	EXP 	grating: autoDraw = False
54.4617 	EXP 	Device response: <KeyPress from None: t=54.4500881999993, value=left, duration=None>
54.4624 	DATA 	Keypress: left
54.4788 	EXP 	fixation: autoDraw = False
54.4788 	EXP 	grating: autoDraw = False
54.4788 	EXP 	grating: ori = np.float64(1.0)
54.4788 	EXP 	fixation: autoDraw = True
54.6609 	EXP 	Device response: <KeyPress from None: t=54.4500881999993, value=left, duration=0.19900269999925513>
54.9610 	INFO 	Keyboard events cleared
54.9610 	EXP 	grating: autoDraw = True
54.9950 	EXP 	fixation: autoDraw = False
55.2621 	EXP 	grating: autoDraw = False
55.9270 	EXP 	Device response: <KeyPress from None: t=55.92378949999693, value=right, duration=None>
55.9277 	DATA 	Keypress: right
55.9439 	EXP 	fixation: autoDraw = False
55.9439 	EXP 	grating: autoDraw = False
55.9439 	EXP 	grating: ori = np.float64(1.0)
55.9439 	EXP 	fixation: autoDraw = True
56.0605 	EXP 	Device response: <KeyPress from None: t=55.92378949999693, value=right, duration=0.13458000000173342>
56.4287 	INFO 	Keyboard events cleared
56.4286 	EXP 	grating: autoDraw = True
56.4451 	EXP 	fixation: autoDraw = False
56.7279 	EXP 	grating: autoDraw = False
57.0602 	EXP 	Device response: <KeyPress from None: t=57.04948069999955, value=right, duration=None>
57.0609 	DATA 	Keypress: right
57.0765 	EXP 	fixation: autoDraw = False
57.0765 	EXP 	grating: autoDraw = False
57.0765 	EXP 	grating: ori = np.float64(1.0)
57.0765 	EXP 	fixation: autoDraw = True
57.2271 	EXP 	Device response: <KeyPress from None: t=57.04948069999955, value=right, duration=0.1649366999990889>
57.5620 	INFO 	Keyboard events cleared
57.5620 	EXP 	grating: autoDraw = True
57.5766 	EXP 	fixation: autoDraw = False
57.8776 	EXP 	grating: autoDraw = False
58.1266 	EXP 	Device response: <KeyPress from None: t=58.11508469999899, value=right, duration=None>
58.1273 	DATA 	Keypress: right
58.1431 	EXP 	fixation: autoDraw = False
58.1431 	EXP 	grating: autoDraw = False
58.1431 	EXP 	grating: ori = np.float64(-1.0)
58.1431 	EXP 	fixation: autoDraw = True
58.2922 	EXP 	Device response: <KeyPress from None: t=58.11508469999899, value=right, duration=0.17437779999818304>
58.6280 	INFO 	Keyboard events cleared
58.6279 	EXP 	grating: autoDraw = True
58.6432 	EXP 	fixation: autoDraw = False
58.9446 	EXP 	grating: autoDraw = False
59.1607 	EXP 	Device response: <KeyPress from None: t=59.150792999997066, value=left, duration=None>
59.1614 	DATA 	Keypress: left
59.1770 	EXP 	fixation: autoDraw = False
59.1770 	EXP 	grating: autoDraw = False
59.1770 	EXP 	grating: ori = np.float64(1.0)
59.1770 	EXP 	fixation: autoDraw = True
59.2943 	EXP 	Device response: <KeyPress from None: t=59.150792999997066, value=left, duration=0.13455470000189962>
59.6597 	INFO 	Keyboard events cleared
59.6597 	EXP 	grating: autoDraw = True
59.6765 	EXP 	fixation: autoDraw = False
59.9609 	EXP 	grating: autoDraw = False
60.1265 	EXP 	Device response: <KeyPress from None: t=60.117016799998964, value=right, duration=None>
60.1271 	DATA 	Keypress: right
60.1439 	EXP 	fixation: autoDraw = False
60.1439 	EXP 	grating: autoDraw = False
60.1439 	EXP 	grating: ori = np.float64(-1.0)
60.1439 	EXP 	fixation: autoDraw = True
60.3096 	EXP 	Device response: <KeyPress from None: t=60.117016799998964, value=right, duration=0.1842369999976654>
60.6262 	INFO 	Keyboard events cleared
60.6262 	EXP 	grating: autoDraw = True
60.6610 	EXP 	fixation: autoDraw = False
60.9261 	EXP 	grating: autoDraw = False
61.1926 	EXP 	Device response: <KeyPress from None: t=61.18831719999798, value=left, duration=None>
61.1933 	DATA 	Keypress: left
61.2107 	EXP 	fixation: autoDraw = False
61.2107 	EXP 	grating: autoDraw = False
61.2107 	EXP 	grating: ori = np.float64(-1.0)
61.2107 	EXP 	fixation: autoDraw = True
61.3274 	EXP 	Device response: <KeyPress from None: t=61.18831719999798, value=left, duration=0.12347850000151084>
61.6928 	INFO 	Keyboard events cleared
61.6928 	EXP 	grating: autoDraw = True
61.7261 	EXP 	fixation: autoDraw = False
61.9925 	EXP 	grating: autoDraw = False
62.1759 	EXP 	Device response: <KeyPress from None: t=62.17461209999965, value=left, duration=None>
62.1766 	DATA 	Keypress: left
62.1928 	EXP 	fixation: autoDraw = False
62.1928 	EXP 	grating: autoDraw = False
62.1928 	EXP 	grating: ori = np.float64(-1.0)
62.1928 	EXP 	fixation: autoDraw = True
62.3442 	EXP 	Device response: <KeyPress from None: t=62.17461209999965, value=left, duration=0.16329209999821614>
62.6767 	INFO 	Keyboard events cleared
62.6766 	EXP 	grating: autoDraw = True
62.6933 	EXP 	fixation: autoDraw = False
62.9941 	EXP 	grating: autoDraw = False
63.1592 	EXP 	Device response: <KeyPress from None: t=63.15454979999777, value=left, duration=None>
63.1599 	DATA 	Keypress: left
63.1766 	EXP 	fixation: autoDraw = False
63.1766 	EXP 	grating: autoDraw = False
63.1766 	EXP 	grating: ori = np.float64(1.0)
63.1766 	EXP 	fixation: autoDraw = True
63.2924 	EXP 	Device response: <KeyPress from None: t=63.15454979999777, value=left, duration=0.13440950000222074>
63.6609 	INFO 	Keyboard events cleared
63.6608 	EXP 	grating: autoDraw = True
63.6775 	EXP 	fixation: autoDraw = False
63.9605 	EXP 	grating: autoDraw = False
64.2933 	EXP 	Device response: <KeyPress from None: t=64.28986799999984, value=right, duration=None>
64.2940 	DATA 	Keypress: right
64.3090 	EXP 	fixation: autoDraw = False
64.3090 	EXP 	grating: autoDraw = False
64.3090 	EXP 	grating: ori = np.float64(1.0)
64.3090 	EXP 	fixation: autoDraw = True
64.4595 	EXP 	Device response: <KeyPress from None: t=64.28986799999984, value=right, duration=0.15964549999989686>
64.7937 	INFO 	Keyboard events cleared
64.7936 	EXP 	grating: autoDraw = True
64.8091 	EXP 	fixation: autoDraw = False
65.0931 	EXP 	grating: autoDraw = False
65.6596 	EXP 	Device response: <KeyPress from None: t=65.6441010999988, value=left, duration=None>
65.6604 	DATA 	Keypress: left
65.6762 	EXP 	fixation: autoDraw = False
65.6762 	EXP 	grating: autoDraw = False
65.6762 	EXP 	grating: ori = np.float64(1.5)
65.6762 	EXP 	fixation: autoDraw = True
65.8090 	EXP 	Device response: <KeyPress from None: t=65.6441010999988, value=left, duration=0.1646093999988807>
66.1601 	INFO 	Keyboard events cleared
66.1600 	EXP 	grating: autoDraw = True
66.1771 	EXP 	fixation: autoDraw = False
66.4600 	EXP 	grating: autoDraw = False
67.4770 	EXP 	Device response: <KeyPress from None: t=67.4618045999996, value=right, duration=None>
67.4777 	DATA 	Keypress: right
67.4925 	EXP 	fixation: autoDraw = False
67.4925 	EXP 	grating: autoDraw = False
67.4925 	EXP 	grating: ori = np.float64(-1.5)
67.4925 	EXP 	fixation: autoDraw = True
67.6096 	EXP 	Device response: <KeyPress from None: t=67.4618045999996, value=right, duration=0.14446419999876525>
67.9752 	INFO 	Keyboard events cleared
67.9752 	EXP 	grating: autoDraw = True
67.9929 	EXP 	fixation: autoDraw = False
68.2746 	EXP 	grating: autoDraw = False
68.5583 	EXP 	Device response: <KeyPress from None: t=68.54792319999979, value=left, duration=None>
68.5589 	DATA 	Keypress: left
68.5764 	EXP 	fixation: autoDraw = False
68.5764 	EXP 	grating: autoDraw = False
68.5764 	EXP 	grating: ori = np.float64(-1.5)
68.5764 	EXP 	fixation: autoDraw = True
68.7080 	EXP 	Device response: <KeyPress from None: t=68.54792319999979, value=left, duration=0.1537912999992841>
69.0608 	INFO 	Keyboard events cleared
69.0607 	EXP 	grating: autoDraw = True
69.0757 	EXP 	fixation: autoDraw = False
69.3605 	EXP 	grating: autoDraw = False
69.5588 	EXP 	Device response: <KeyPress from None: t=69.55372779999743, value=left, duration=None>
69.5594 	DATA 	Keypress: left
69.5757 	EXP 	fixation: autoDraw = False
69.5757 	EXP 	grating: autoDraw = False
69.5757 	EXP 	grating: ori = np.float64(-1.0)
69.5757 	EXP 	fixation: autoDraw = True
69.6766 	EXP 	Device response: <KeyPress from None: t=69.55372779999743, value=left, duration=0.11905560000013793>
70.0594 	INFO 	Keyboard events cleared
70.0593 	EXP 	grating: autoDraw = True
70.0760 	EXP 	fixation: autoDraw = False
70.3599 	EXP 	grating: autoDraw = False
70.4418 	EXP 	Device response: <KeyPress from None: t=70.4349672999997, value=left, duration=None>
70.4425 	DATA 	Keypress: left
70.4585 	EXP 	fixation: autoDraw = False
70.4585 	EXP 	grating: autoDraw = False
70.4585 	EXP 	grating: ori = np.float64(-1.0)
70.4585 	EXP 	fixation: autoDraw = True
70.5744 	EXP 	Device response: <KeyPress from None: t=70.4349672999997, value=left, duration=0.134460899997066>
70.9417 	INFO 	Keyboard events cleared
70.9416 	EXP 	grating: autoDraw = True
70.9579 	EXP 	fixation: autoDraw = False
71.2413 	EXP 	grating: autoDraw = False
71.3266 	DATA 	Keypress: left
71.3419 	EXP 	Device response: <KeyPress from None: t=71.32625740000003, value=left, duration=None>
71.3588 	EXP 	fixation: autoDraw = False
71.3588 	EXP 	grating: autoDraw = False
71.3588 	EXP 	grating: ori = np.float64(1.0)
71.3588 	EXP 	fixation: autoDraw = True
71.4909 	EXP 	Device response: <KeyPress from None: t=71.32625740000003, value=left, duration=0.14903809999668738>
71.8593 	INFO 	Keyboard events cleared
71.8592 	EXP 	fixation: autoDraw = False
71.8592 	EXP 	grating: autoDraw = True
72.1586 	EXP 	grating: autoDraw = False
72.6579 	EXP 	Device response: <KeyPress from None: t=72.64599539999836, value=right, duration=None>
72.6586 	DATA 	Keypress: right
72.6756 	EXP 	fixation: autoDraw = False
72.6756 	EXP 	grating: autoDraw = False
72.6756 	EXP 	grating: ori = np.float64(1.0)
72.6756 	EXP 	fixation: autoDraw = True
72.8077 	EXP 	Device response: <KeyPress from None: t=72.64599539999836, value=right, duration=0.15403670000159764>
73.1586 	INFO 	Keyboard events cleared
73.1585 	EXP 	grating: autoDraw = True
73.1739 	EXP 	fixation: autoDraw = False
73.4743 	EXP 	grating: autoDraw = False
73.8421 	EXP 	Device response: <KeyPress from None: t=73.83638900000005, value=right, duration=None>
73.8427 	DATA 	Keypress: right
73.8589 	EXP 	fixation: autoDraw = False
73.8589 	EXP 	grating: autoDraw = False
73.8589 	EXP 	grating: ori = np.float64(1.0)
73.8589 	EXP 	fixation: autoDraw = True
74.0091 	EXP 	Device response: <KeyPress from None: t=73.83638900000005, value=right, duration=0.16897229999813135>
74.3419 	INFO 	Keyboard events cleared
74.3419 	EXP 	grating: autoDraw = True
74.3587 	EXP 	fixation: autoDraw = False
74.6415 	EXP 	grating: autoDraw = False
75.0080 	EXP 	Device response: <KeyPress from None: t=75.00613499999963, value=right, duration=None>
75.0086 	DATA 	Keypress: right
75.0249 	EXP 	fixation: autoDraw = False
75.0249 	EXP 	grating: autoDraw = False
75.0249 	EXP 	grating: ori = np.float64(1.0)
75.0249 	EXP 	fixation: autoDraw = True
75.1748 	EXP 	Device response: <KeyPress from None: t=75.00613499999963, value=right, duration=0.16080389999842737>
75.5075 	INFO 	Keyboard events cleared
75.5075 	EXP 	grating: autoDraw = True
75.5247 	EXP 	fixation: autoDraw = False
75.8085 	EXP 	grating: autoDraw = False
76.3401 	EXP 	Device response: <KeyPress from None: t=76.33582919999753, value=right, duration=None>
76.3408 	DATA 	Keypress: right
76.3575 	EXP 	fixation: autoDraw = False
76.3575 	EXP 	grating: autoDraw = False
76.3575 	EXP 	grating: ori = np.float64(-1.0)
76.3575 	EXP 	fixation: autoDraw = True
76.5248 	EXP 	Device response: <KeyPress from None: t=76.33582919999753, value=right, duration=0.18431120000241208>
76.8411 	INFO 	Keyboard events cleared
76.8411 	EXP 	grating: autoDraw = True
76.8575 	EXP 	fixation: autoDraw = False
77.1411 	EXP 	grating: autoDraw = False
77.3570 	EXP 	Device response: <KeyPress from None: t=77.3564673999972, value=left, duration=None>
77.3576 	DATA 	Keypress: left
77.3746 	EXP 	fixation: autoDraw = False
77.3746 	EXP 	grating: autoDraw = False
77.3746 	EXP 	grating: ori = np.float64(1.0)
77.3746 	EXP 	fixation: autoDraw = True
77.5077 	EXP 	Device response: <KeyPress from None: t=77.3564673999972, value=left, duration=0.1497839000003296>
77.8577 	INFO 	Keyboard events cleared
77.8577 	EXP 	grating: autoDraw = True
77.8746 	EXP 	fixation: autoDraw = False
78.1576 	EXP 	grating: autoDraw = False
78.4578 	EXP 	Device response: <KeyPress from None: t=78.4522423999988, value=right, duration=None>
78.4584 	DATA 	Keypress: right
78.4733 	EXP 	fixation: autoDraw = False
78.4733 	EXP 	grating: autoDraw = False
78.4733 	EXP 	grating: ori = np.float64(-1.0)
78.4733 	EXP 	fixation: autoDraw = True
78.6230 	EXP 	Device response: <KeyPress from None: t=78.4522423999988, value=right, duration=0.1641405999980634>
78.9744 	INFO 	Keyboard events cleared
78.9743 	EXP 	fixation: autoDraw = False
78.9743 	EXP 	grating: autoDraw = True
79.2727 	EXP 	grating: autoDraw = False
79.5402 	EXP 	Device response: <KeyPress from None: t=79.52754019999702, value=left, duration=None>
79.5408 	DATA 	Keypress: left
79.5574 	EXP 	fixation: autoDraw = False
79.5574 	EXP 	grating: autoDraw = False
79.5574 	EXP 	grating: ori = np.float64(-1.0)
79.5574 	EXP 	fixation: autoDraw = True
79.6575 	EXP 	Device response: <KeyPress from None: t=79.52754019999702, value=left, duration=0.12490640000032727>
80.0414 	INFO 	Keyboard events cleared
80.0413 	EXP 	grating: autoDraw = True
80.0577 	EXP 	fixation: autoDraw = False
80.3412 	EXP 	grating: autoDraw = False
80.4405 	EXP 	Device response: <KeyPress from None: t=80.43425039999784, value=right, duration=None>
80.4412 	DATA 	Keypress: right
80.4559 	EXP 	fixation: autoDraw = False
80.4559 	EXP 	grating: autoDraw = False
80.4559 	EXP 	grating: ori = np.float64(-1.5)
80.4559 	EXP 	fixation: autoDraw = True
80.5905 	EXP 	Device response: <KeyPress from None: t=80.43425039999784, value=right, duration=0.13907119999930728>
80.9399 	INFO 	Keyboard events cleared
80.9399 	EXP 	grating: autoDraw = True
80.9573 	EXP 	fixation: autoDraw = False
81.2406 	EXP 	grating: autoDraw = False
81.3069 	EXP 	Device response: <KeyPress from None: t=81.30535019999661, value=left, duration=None>
81.3076 	DATA 	Keypress: left
81.3236 	EXP 	fixation: autoDraw = False
81.3236 	EXP 	grating: autoDraw = False
81.3236 	EXP 	grating: ori = np.float64(-1.5)
81.3236 	EXP 	fixation: autoDraw = True
81.4411 	EXP 	Device response: <KeyPress from None: t=81.30535019999661, value=left, duration=0.13423700000203098>
81.8062 	INFO 	Keyboard events cleared
81.8061 	EXP 	grating: autoDraw = True
81.8235 	EXP 	fixation: autoDraw = False
82.1076 	EXP 	grating: autoDraw = False
84.0237 	EXP 	Device response: <KeyPress from None: t=84.01436929999909, value=left, duration=None>
84.0243 	DATA 	Keypress: left
84.0399 	EXP 	fixation: autoDraw = False
84.0399 	EXP 	grating: autoDraw = False
84.0399 	EXP 	grating: ori = np.float64(-1.5)
84.0399 	EXP 	fixation: autoDraw = True
84.2066 	EXP 	Device response: <KeyPress from None: t=84.01436929999909, value=left, duration=0.18448889999854146>
84.5390 	INFO 	Keyboard events cleared
84.5389 	EXP 	fixation: autoDraw = False
84.5389 	EXP 	grating: autoDraw = True
84.8393 	EXP 	grating: autoDraw = False
85.1389 	EXP 	Device response: <KeyPress from None: t=85.1354382999998, value=left, duration=None>
85.1396 	DATA 	Keypress: left
85.1564 	EXP 	fixation: autoDraw = False
85.1564 	EXP 	grating: autoDraw = False
85.1564 	EXP 	grating: ori = np.float64(-1.0)
85.1564 	EXP 	fixation: autoDraw = True
85.3055 	EXP 	Device response: <KeyPress from None: t=85.1354382999998, value=left, duration=0.16386950000014622>
85.6405 	INFO 	Keyboard events cleared
85.6404 	EXP 	grating: autoDraw = True
85.6569 	EXP 	fixation: autoDraw = False
85.9401 	EXP 	grating: autoDraw = False
86.0569 	EXP 	Device response: <KeyPress from None: t=86.05564819999927, value=left, duration=None>
86.0575 	DATA 	Keypress: left
86.0733 	EXP 	fixation: autoDraw = False
86.0733 	EXP 	grating: autoDraw = False
86.0733 	EXP 	grating: ori = np.float64(1.0)
86.0733 	EXP 	fixation: autoDraw = True
86.2053 	EXP 	Device response: <KeyPress from None: t=86.05564819999927, value=left, duration=0.14438399999926332>
86.5562 	INFO 	Keyboard events cleared
86.5561 	EXP 	grating: autoDraw = True
86.5734 	EXP 	fixation: autoDraw = False
86.8549 	EXP 	grating: autoDraw = False
86.9727 	EXP 	Device response: <KeyPress from None: t=86.9689550999974, value=right, duration=None>
86.9734 	DATA 	Keypress: right
86.9896 	EXP 	fixation: autoDraw = False
86.9896 	EXP 	grating: autoDraw = False
86.9896 	EXP 	grating: ori = np.float64(1.0)
86.9896 	EXP 	fixation: autoDraw = True
87.1385 	EXP 	Device response: <KeyPress from None: t=86.9689550999974, value=right, duration=0.16333850000228267>
87.4729 	INFO 	Keyboard events cleared
87.4728 	EXP 	grating: autoDraw = True
87.4896 	EXP 	fixation: autoDraw = False
87.7719 	EXP 	grating: autoDraw = False
87.9714 	EXP 	Device response: <KeyPress from None: t=87.96321579999858, value=right, duration=None>
87.9721 	DATA 	Keypress: right
87.9883 	EXP 	fixation: autoDraw = False
87.9883 	EXP 	grating: autoDraw = False
87.9883 	EXP 	grating: ori = np.float64(-1.0)
87.9883 	EXP 	fixation: autoDraw = True
88.1726 	EXP 	Device response: <KeyPress from None: t=87.96321579999858, value=right, duration=0.194619199999579>
88.4718 	INFO 	Keyboard events cleared
88.4717 	EXP 	grating: autoDraw = True
88.4882 	EXP 	fixation: autoDraw = False
88.7715 	EXP 	grating: autoDraw = False
89.3881 	EXP 	Device response: <KeyPress from None: t=89.38686049999887, value=left, duration=None>
89.3888 	DATA 	Keypress: left
89.4056 	EXP 	fixation: autoDraw = False
89.4056 	EXP 	grating: autoDraw = False
89.4056 	EXP 	grating: ori = np.float64(1.0)
89.4056 	EXP 	fixation: autoDraw = True
89.5567 	EXP 	Device response: <KeyPress from None: t=89.38686049999887, value=left, duration=0.1543792000011308>
89.8894 	INFO 	Keyboard events cleared
89.8893 	EXP 	grating: autoDraw = True
89.9060 	EXP 	fixation: autoDraw = False
90.1896 	EXP 	grating: autoDraw = False
91.1064 	DATA 	Keypress: right
91.1214 	EXP 	Device response: <KeyPress from None: t=91.10609719999775, value=right, duration=None>
91.1389 	EXP 	fixation: autoDraw = False
91.1389 	EXP 	grating: autoDraw = False
91.1389 	EXP 	grating: ori = np.float64(-1.0)
91.1389 	EXP 	fixation: autoDraw = True
91.3045 	EXP 	Device response: <KeyPress from None: t=91.10609719999775, value=right, duration=0.18293110000013257>
91.6212 	INFO 	Keyboard events cleared
91.6212 	EXP 	grating: autoDraw = True
91.6559 	EXP 	fixation: autoDraw = False
91.9219 	EXP 	grating: autoDraw = False
93.8214 	EXP 	Device response: <KeyPress from None: t=93.81363009999768, value=left, duration=None>
93.8221 	DATA 	Keypress: left
93.8376 	EXP 	fixation: autoDraw = False
93.8376 	EXP 	grating: autoDraw = False
93.8376 	EXP 	grating: ori = np.float64(-1.0)
93.8376 	EXP 	fixation: autoDraw = True
93.9709 	EXP 	Device response: <KeyPress from None: t=93.81363009999768, value=left, duration=0.14953280000190716>
94.3212 	INFO 	Keyboard events cleared
94.3211 	EXP 	grating: autoDraw = True
94.3391 	EXP 	fixation: autoDraw = False
94.6221 	EXP 	grating: autoDraw = False
95.1382 	EXP 	Device response: <KeyPress from None: t=95.12967669999853, value=left, duration=None>
95.1389 	DATA 	Keypress: left
95.1551 	EXP 	fixation: autoDraw = False
95.1551 	EXP 	grating: autoDraw = False
95.1551 	EXP 	grating: ori = np.float64(-1.0)
95.1551 	EXP 	fixation: autoDraw = True
95.3045 	EXP 	Device response: <KeyPress from None: t=95.12967669999853, value=left, duration=0.16832179999983055>
95.6386 	INFO 	Keyboard events cleared
95.6385 	EXP 	grating: autoDraw = True
95.6549 	EXP 	fixation: autoDraw = False
95.9545 	EXP 	grating: autoDraw = False
96.3705 	EXP 	Device response: <KeyPress from None: t=96.36315130000003, value=left, duration=None>
96.3711 	DATA 	Keypress: left
96.3874 	EXP 	fixation: autoDraw = False
96.3874 	EXP 	grating: autoDraw = False
96.3874 	EXP 	grating: ori = np.float64(-1.0)
96.3874 	EXP 	fixation: autoDraw = True
96.4882 	EXP 	Device response: <KeyPress from None: t=96.36315130000003, value=left, duration=0.12455559999943944>
96.8702 	INFO 	Keyboard events cleared
96.8702 	EXP 	grating: autoDraw = True
96.8879 	EXP 	fixation: autoDraw = False
97.1715 	EXP 	grating: autoDraw = False
97.5054 	EXP 	Device response: <KeyPress from None: t=97.4884968999977, value=left, duration=None>
97.5061 	DATA 	Keypress: left
97.5193 	EXP 	fixation: autoDraw = False
97.5193 	EXP 	grating: autoDraw = False
97.5193 	EXP 	grating: ori = np.float64(-1.0)
97.5193 	EXP 	fixation: autoDraw = True
97.6377 	EXP 	Device response: <KeyPress from None: t=97.4884968999977, value=left, duration=0.14482409999982337>
98.0051 	INFO 	Keyboard events cleared
98.0050 	EXP 	grating: autoDraw = True
98.0198 	EXP 	fixation: autoDraw = False
98.3047 	EXP 	grating: autoDraw = False
98.8035 	EXP 	Device response: <KeyPress from None: t=98.78809419999743, value=left, duration=None>
98.8041 	DATA 	Keypress: left
98.8211 	EXP 	fixation: autoDraw = False
98.8211 	EXP 	grating: autoDraw = False
98.8211 	EXP 	grating: ori = np.float64(1.0)
98.8211 	EXP 	fixation: autoDraw = True
98.9536 	EXP 	Device response: <KeyPress from None: t=98.78809419999743, value=left, duration=0.1496026000022539>
99.3041 	INFO 	Keyboard events cleared
99.3040 	EXP 	grating: autoDraw = True
99.3204 	EXP 	fixation: autoDraw = False
99.6040 	EXP 	grating: autoDraw = False
100.3217 	EXP 	Device response: <KeyPress from None: t=100.30686329999662, value=right, duration=None>
100.3224 	DATA 	Keypress: right
100.3374 	EXP 	fixation: autoDraw = False
100.3374 	EXP 	grating: autoDraw = False
100.3374 	EXP 	grating: ori = np.float64(1.0)
100.3374 	EXP 	fixation: autoDraw = True
100.4693 	EXP 	Device response: <KeyPress from None: t=100.30686329999662, value=right, duration=0.1595500000003085>
100.8374 	INFO 	Keyboard events cleared
100.8373 	EXP 	grating: autoDraw = True
100.8546 	EXP 	fixation: autoDraw = False
101.1365 	EXP 	grating: autoDraw = False
101.7043 	EXP 	Device response: <KeyPress from None: t=101.69139949999953, value=right, duration=None>
101.7050 	DATA 	Keypress: right
101.7211 	EXP 	fixation: autoDraw = False
101.7211 	EXP 	grating: autoDraw = False
101.7211 	EXP 	grating: ori = np.float64(1.0)
101.7211 	EXP 	fixation: autoDraw = True
101.8860 	EXP 	Device response: <KeyPress from None: t=101.69139949999953, value=right, duration=0.18420680000053835>
102.2208 	INFO 	Keyboard events cleared
102.2207 	EXP 	grating: autoDraw = True
102.2358 	EXP 	fixation: autoDraw = False
102.5360 	EXP 	grating: autoDraw = False
104.0873 	EXP 	Device response: <KeyPress from None: t=104.07269749999978, value=right, duration=None>
104.0880 	DATA 	Keypress: right
104.1024 	EXP 	fixation: autoDraw = False
104.1024 	EXP 	grating: autoDraw = False
104.1024 	EXP 	grating: ori = np.float64(1.0)
104.1024 	EXP 	fixation: autoDraw = True
104.2523 	EXP 	Device response: <KeyPress from None: t=104.07269749999978, value=right, duration=0.16778899999917485>
104.5872 	INFO 	Keyboard events cleared
104.5871 	EXP 	grating: autoDraw = True
104.6027 	EXP 	fixation: autoDraw = False
104.8867 	EXP 	grating: autoDraw = False
105.2706 	EXP 	Device response: <KeyPress from None: t=105.25618719999693, value=right, duration=None>
105.2712 	DATA 	Keypress: right
105.2854 	EXP 	fixation: autoDraw = False
105.2854 	EXP 	grating: autoDraw = False
105.2854 	EXP 	grating: ori = np.float64(1.0)
105.2854 	EXP 	fixation: autoDraw = True
105.3864 	EXP 	Device response: <KeyPress from None: t=105.25618719999693, value=right, duration=0.11451830000078189>
105.7854 	INFO 	Keyboard events cleared
105.7853 	EXP 	fixation: autoDraw = False
105.7853 	EXP 	grating: autoDraw = True
106.0868 	EXP 	grating: autoDraw = False
106.2530 	EXP 	Device response: <KeyPress from None: t=106.24208439999711, value=right, duration=None>
106.2537 	DATA 	Keypress: right
106.2695 	EXP 	fixation: autoDraw = False
106.2695 	EXP 	grating: autoDraw = False
106.2695 	EXP 	grating: ori = np.float64(-1.0)
106.2695 	EXP 	fixation: autoDraw = True
106.3862 	EXP 	Device response: <KeyPress from None: t=106.24208439999711, value=right, duration=0.13503940000009607>
106.7524 	INFO 	Keyboard events cleared
106.7523 	EXP 	grating: autoDraw = True
106.7692 	EXP 	fixation: autoDraw = False
107.0526 	EXP 	grating: autoDraw = False
107.2682 	EXP 	Device response: <KeyPress from None: t=107.267824999999, value=left, duration=None>
107.2689 	DATA 	Keypress: left
107.2850 	EXP 	fixation: autoDraw = False
107.2850 	EXP 	grating: autoDraw = False
107.2850 	EXP 	grating: ori = np.float64(1.0)
107.2850 	EXP 	fixation: autoDraw = True
107.3848 	EXP 	Device response: <KeyPress from None: t=107.267824999999, value=left, duration=0.10457400000086636>
107.7685 	INFO 	Keyboard events cleared
107.7684 	EXP 	grating: autoDraw = True
107.7852 	EXP 	fixation: autoDraw = False
108.0691 	EXP 	grating: autoDraw = False
108.9857 	EXP 	Device response: <KeyPress from None: t=108.97061409999878, value=right, duration=None>
108.9864 	DATA 	Keypress: right
109.0015 	EXP 	fixation: autoDraw = False
109.0015 	EXP 	grating: autoDraw = False
109.0015 	EXP 	grating: ori = np.float64(1.0)
109.0015 	EXP 	fixation: autoDraw = True
109.1195 	EXP 	Device response: <KeyPress from None: t=108.97061409999878, value=right, duration=0.1397584000005736>
109.5015 	INFO 	Keyboard events cleared
109.5015 	EXP 	fixation: autoDraw = False
109.5015 	EXP 	grating: autoDraw = True
109.8011 	EXP 	grating: autoDraw = False
110.4014 	EXP 	Device response: <KeyPress from None: t=110.39518639999733, value=left, duration=None>
110.4021 	DATA 	Keypress: left
110.4197 	EXP 	fixation: autoDraw = False
110.4197 	EXP 	grating: autoDraw = False
110.4197 	EXP 	grating: ori = np.float64(1.5)
110.4197 	EXP 	fixation: autoDraw = True
110.5343 	EXP 	Device response: <KeyPress from None: t=110.39518639999733, value=left, duration=0.13396890000149142>
110.9025 	INFO 	Keyboard events cleared
110.9024 	EXP 	grating: autoDraw = True
110.9196 	EXP 	fixation: autoDraw = False
111.2027 	EXP 	grating: autoDraw = False
112.6191 	EXP 	Device response: <KeyPress from None: t=112.60558089999904, value=right, duration=None>
112.6198 	DATA 	Keypress: right
112.6344 	EXP 	fixation: autoDraw = False
112.6344 	EXP 	grating: autoDraw = False
112.6344 	EXP 	grating: ori = np.float64(1.5)
112.6344 	EXP 	fixation: autoDraw = True
112.7840 	EXP 	Device response: <KeyPress from None: t=112.60558089999904, value=right, duration=0.16420469999866327>
113.1175 	INFO 	Keyboard events cleared
113.1174 	EXP 	grating: autoDraw = True
113.1349 	EXP 	fixation: autoDraw = False
113.4184 	EXP 	grating: autoDraw = False
113.7520 	EXP 	Device response: <KeyPress from None: t=113.73571079999965, value=right, duration=None>
113.7526 	DATA 	Keypress: right
113.7690 	EXP 	fixation: autoDraw = False
113.7690 	EXP 	grating: autoDraw = False
113.7690 	EXP 	grating: ori = np.float64(1.5)
113.7690 	EXP 	fixation: autoDraw = True
113.9008 	EXP 	Device response: <KeyPress from None: t=113.73571079999965, value=right, duration=0.15960989999803132>
114.2522 	INFO 	Keyboard events cleared
114.2521 	EXP 	grating: autoDraw = True
114.2678 	EXP 	fixation: autoDraw = False
114.5507 	EXP 	grating: autoDraw = False
114.7350 	EXP 	Device response: <KeyPress from None: t=114.72700279999844, value=right, duration=None>
114.7357 	DATA 	Keypress: right
114.7515 	EXP 	fixation: autoDraw = False
114.7515 	EXP 	grating: autoDraw = False
114.7515 	EXP 	grating: ori = np.float64(1.0)
114.7515 	EXP 	fixation: autoDraw = True
114.8345 	EXP 	Device response: <KeyPress from None: t=114.72700279999844, value=right, duration=0.1045881999998528>
115.2347 	INFO 	Keyboard events cleared
115.2346 	EXP 	grating: autoDraw = True
115.2511 	EXP 	fixation: autoDraw = False
115.5342 	EXP 	grating: autoDraw = False
115.6511 	EXP 	Device response: <KeyPress from None: t=115.64832989999923, value=right, duration=None>
115.6518 	DATA 	Keypress: right
115.6671 	EXP 	fixation: autoDraw = False
115.6671 	EXP 	grating: autoDraw = False
115.6671 	EXP 	grating: ori = np.float64(1.0)
115.6671 	EXP 	fixation: autoDraw = True
115.8172 	EXP 	Device response: <KeyPress from None: t=115.64832989999923, value=right, duration=0.16379500000039116>
116.1515 	INFO 	Keyboard events cleared
116.1514 	EXP 	grating: autoDraw = True
116.1683 	EXP 	fixation: autoDraw = False
116.4517 	EXP 	grating: autoDraw = False
116.5669 	EXP 	Device response: <KeyPress from None: t=116.56421999999657, value=right, duration=None>
116.5675 	DATA 	Keypress: right
116.5834 	EXP 	fixation: autoDraw = False
116.5834 	EXP 	grating: autoDraw = False
116.5834 	EXP 	grating: ori = np.float64(1.0)
116.5834 	EXP 	fixation: autoDraw = True
116.7177 	EXP 	Device response: <KeyPress from None: t=116.56421999999657, value=right, duration=0.13922810000076424>
117.0685 	INFO 	Keyboard events cleared
117.0684 	EXP 	grating: autoDraw = True
117.0837 	EXP 	fixation: autoDraw = False
117.3850 	EXP 	grating: autoDraw = False
117.4514 	EXP 	Device response: <KeyPress from None: t=117.45045779999782, value=right, duration=None>
117.4520 	DATA 	Keypress: right
117.4665 	EXP 	fixation: autoDraw = False
117.4665 	EXP 	grating: autoDraw = False
117.4665 	EXP 	grating: ori = np.float64(-1.0)
117.4665 	EXP 	fixation: autoDraw = True
117.6002 	EXP 	Device response: <KeyPress from None: t=117.45045779999782, value=right, duration=0.13932320000094478>
117.9515 	INFO 	Keyboard events cleared
117.9514 	EXP 	grating: autoDraw = True
117.9673 	EXP 	fixation: autoDraw = False
118.2518 	EXP 	grating: autoDraw = False
119.4163 	EXP 	Device response: <KeyPress from None: t=119.4075714999999, value=left, duration=None>
119.4170 	DATA 	Keypress: left
119.4339 	EXP 	fixation: autoDraw = False
119.4339 	EXP 	grating: autoDraw = False
119.4339 	EXP 	grating: ori = np.float64(-1.0)
119.4339 	EXP 	fixation: autoDraw = True
119.5497 	EXP 	Device response: <KeyPress from None: t=119.4075714999999, value=left, duration=0.13916389999940293>
119.9172 	INFO 	Keyboard events cleared
119.9171 	EXP 	grating: autoDraw = True
119.9345 	EXP 	fixation: autoDraw = False
120.2171 	EXP 	grating: autoDraw = False
121.2500 	DATA 	Keypress: left
121.2660 	EXP 	Device response: <KeyPress from None: t=121.2497521999976, value=left, duration=None>
121.2830 	EXP 	fixation: autoDraw = False
121.2830 	EXP 	grating: autoDraw = False
121.2830 	EXP 	grating: ori = np.float64(-1.0)
121.2830 	EXP 	fixation: autoDraw = True
121.4335 	EXP 	Device response: <KeyPress from None: t=121.2497521999976, value=left, duration=0.16918150000128662>
121.7665 	INFO 	Keyboard events cleared
121.7665 	EXP 	grating: autoDraw = True
121.7829 	EXP 	fixation: autoDraw = False
122.0679 	EXP 	grating: autoDraw = False
122.4661 	EXP 	Device response: <KeyPress from None: t=122.45504089999667, value=left, duration=None>
122.4667 	DATA 	Keypress: left
122.4829 	EXP 	fixation: autoDraw = False
122.4829 	EXP 	grating: autoDraw = False
122.4829 	EXP 	grating: ori = np.float64(1.0)
122.4829 	EXP 	fixation: autoDraw = True
122.6012 	EXP 	Device response: <KeyPress from None: t=122.45504089999667, value=left, duration=0.1441768000004231>
122.9674 	INFO 	Keyboard events cleared
122.9673 	EXP 	grating: autoDraw = True
122.9839 	EXP 	fixation: autoDraw = False
123.2824 	EXP 	grating: autoDraw = False
123.9671 	EXP 	Device response: <KeyPress from None: t=123.95471019999968, value=right, duration=None>
123.9675 	DATA 	Keypress: right
123.9831 	EXP 	fixation: autoDraw = False
123.9831 	EXP 	grating: autoDraw = False
123.9832 	EXP 	adaptive_staircase: status = STOPPED
124.0031 	INFO 	saved data to 'C:\\Users\\Kanak\\OneDrive\\pschopy_LAB PSYCHOLOGY\\data\\072182_adaptive_staircase_2025-08-29_01h39.10.447.csv'
124.0039 	INFO 	saved data to C:\Users\Kanak\OneDrive\pschopy_LAB PSYCHOLOGY\data\072182_adaptive_staircase_2025-08-29_01h39.10.447.psydat
124.2643 	WARNING 	Stopping key buffers but this could be dangerous ifother keyboards rely on the same.
124.3089 	WARNING 	Stopping key buffers but this could be dangerous ifother keyboards rely on the same.
